<?xml version="1.0" encoding="UTF-8"?>
<!-- Generated by org.testng.reporters.JUnitXMLReporter -->
<testsuite ignored="0" hostname="DESKTOP-NB0N28R" failures="2" tests="9" name="Test" time="62.243" errors="0" timestamp="2023-12-17T08:09:20 IST">
  <testcase classname="com.actitime.testscript.ProjectModule" name="createProject" time="0.044"/>
  <testcase classname="com.actitime.testscript.ProjectModule" name="deleteProject" time="0.005"/>
  <testcase classname="com.actitime.testscript.ProjectModule" name="modifyProject" time="0.005"/>
  <testcase classname="com.actitime.testscript.TaskModuleListener" name="createTask" time="0.172">
    <failure type="java.lang.AssertionError" message="null">
      <![CDATA[java.lang.AssertionError: null
at com.actitime.testscript.TaskModuleListener.createTask(TaskModuleListener.java:14)
at java.base/java.util.ArrayList.forEach(ArrayList.java:1511)
... Removed 27 stack frames]]>
    </failure>
  </testcase> <!-- createTask -->
  <testcase classname="com.actitime.testscript.TaskModuleListener" name="deleteTask" time="0.009">
    <failure type="java.lang.AssertionError" message="null">
      <![CDATA[java.lang.AssertionError: null
at com.actitime.testscript.TaskModuleListener.deleteTask(TaskModuleListener.java:24)
at java.base/java.util.ArrayList.forEach(ArrayList.java:1511)
... Removed 27 stack frames]]>
    </failure>
  </testcase> <!-- deleteTask -->
  <testcase classname="com.actitime.testscript.TaskModuleListener" name="modifyTask" time="0.005"/>
  <testcase classname="com.actitime.testscript.CustomerModule1" name="createCustomer" time="0.035"/>
  <testcase classname="com.actitime.testscript.CustomerModule1" name="deleteCustomer" time="0.011"/>
  <testcase classname="com.actitime.testscript.CustomerModule1" name="modifyCustomer" time="0.006"/>
</testsuite> <!-- Test -->
