<?xml version="1.0" encoding="UTF-8"?>
<testng-results ignored="0" total="1" passed="1" failed="0" skipped="0">
  <reporter-output>
  </reporter-output>
  <suite started-at="2023-12-21T12:33:02 IST" name="Default suite" finished-at="2023-12-21T12:33:27 IST" duration-ms="25621">
    <groups>
    </groups>
    <test started-at="2023-12-21T12:33:02 IST" name="Default test" finished-at="2023-12-21T12:33:27 IST" duration-ms="25621">
      <class name="com.actitime.pom.LoginPageDemo">
        <test-method signature="demo()[pri:0, instance:com.actitime.pom.LoginPageDemo@408d971b]" started-at="2023-12-21T12:33:02 IST" name="demo" finished-at="2023-12-21T12:33:27 IST" duration-ms="25466" status="PASS">
          <reporter-output>
          </reporter-output>
        </test-method> <!-- demo -->
      </class> <!-- com.actitime.pom.LoginPageDemo -->
    </test> <!-- Default test -->
  </suite> <!-- Default suite -->
</testng-results>
